<?xml version="1.0" encoding="UTF-8"?>
<testng-results skipped="0" failed="0" ignored="0" total="1" passed="1">
  <reporter-output>
  </reporter-output>
  <suite name="Default suite" duration-ms="29000" started-at="2018-09-03T19:13:30Z" finished-at="2018-09-03T19:13:59Z">
    <groups>
    </groups>
    <test name="Default test" duration-ms="29000" started-at="2018-09-03T19:13:30Z" finished-at="2018-09-03T19:13:59Z">
      <class name="HotelBookingTest">
        <test-method status="PASS" signature="setUp()[pri:0, instance:HotelBookingTest@724af044]" name="setUp" is-config="true" duration-ms="4125" started-at="2018-09-04T00:43:30Z" finished-at="2018-09-04T00:43:35Z">
          <reporter-output>
          </reporter-output>
        </test-method> <!-- setUp -->
        <test-method status="PASS" signature="shouldBeAbleToSearchForHotels()[pri:0, instance:HotelBookingTest@724af044]" name="shouldBeAbleToSearchForHotels" duration-ms="24072" started-at="2018-09-04T00:43:35Z" finished-at="2018-09-04T00:43:59Z">
          <reporter-output>
          </reporter-output>
        </test-method> <!-- shouldBeAbleToSearchForHotels -->
        <test-method status="PASS" signature="tearDown()[pri:0, instance:HotelBookingTest@724af044]" name="tearDown" is-config="true" duration-ms="775" started-at="2018-09-04T00:43:59Z" finished-at="2018-09-04T00:43:59Z">
          <reporter-output>
          </reporter-output>
        </test-method> <!-- tearDown -->
      </class> <!-- HotelBookingTest -->
    </test> <!-- Default test -->
  </suite> <!-- Default suite -->
</testng-results>
